[840:7540:0219/181533.286:WARNING:chrome_main_delegate.cc(745)] This is Chrome version 128.0.6613.138 (not a warning)
[840:14944:0219/181533.477:ERROR:google_update_settings.cc(265)] Failed opening key Software\Chromium to set usagestats; result: 5
[840:7540:0219/181533.650:WARNING:account_consistency_mode_manager.cc(77)] Desktop Identity Consistency cannot be enabled as no OAuth client ID and client secret have been configured.
[15904:15256:0219/181537.342:WARNING:chrome_main_delegate.cc(745)] This is Chrome version 128.0.6613.138 (not a warning)
[15904:14732:0219/181537.385:ERROR:google_update_settings.cc(265)] Failed opening key Software\Chromium to set usagestats; result: 5
[15904:15256:0219/181537.406:WARNING:account_consistency_mode_manager.cc(77)] Desktop Identity Consistency cannot be enabled as no OAuth client ID and client secret have been configured.
[840:5984:0219/181537.783:WARNING:leveldb_database.cc(141)] Unable to open C:\Users\oat\Documents\GitHub\GameDev-Project\Saved\webcache_6613\Default\shared_proto_db\metadata: IO error: C:\Users\oat\Documents\GitHub\GameDev-Project\Saved\webcache_6613\Default\shared_proto_db\metadata/MANIFEST-000001: Unable to create sequential file (ChromeMethodBFE: 7::NewSequentialFile::1)
[840:5984:0219/181537.784:WARNING:leveldb_database.cc(141)] Unable to open C:\Users\oat\Documents\GitHub\GameDev-Project\Saved\webcache_6613\Default\shared_proto_db\metadata: IO error: C:\Users\oat\Documents\GitHub\GameDev-Project\Saved\webcache_6613\Default\shared_proto_db\metadata/MANIFEST-000001: Unable to create sequential file (ChromeMethodBFE: 7::NewSequentialFile::1)
[840:5984:0219/181537.798:WARNING:leveldb_database.cc(141)] Unable to open C:\Users\oat\Documents\GitHub\GameDev-Project\Saved\webcache_6613\Default\shared_proto_db\metadata: IO error: C:\Users\oat\Documents\GitHub\GameDev-Project\Saved\webcache_6613\Default\shared_proto_db\metadata/MANIFEST-000001: Unable to create sequential file (ChromeMethodBFE: 7::NewSequentialFile::1)
[840:5984:0219/181537.827:WARNING:leveldb_database.cc(141)] Unable to open C:\Users\oat\Documents\GitHub\GameDev-Project\Saved\webcache_6613\Default\shared_proto_db\metadata: IO error: C:\Users\oat\Documents\GitHub\GameDev-Project\Saved\webcache_6613\Default\shared_proto_db\metadata/MANIFEST-000001: Unable to create sequential file (ChromeMethodBFE: 7::NewSequentialFile::1)
[840:7540:0219/181538.081:WARNING:external_registry_loader_win.cc(232)] Error observing HKLM: 5
[840:15048:0219/181539.415:WARNING:value_store_frontend.cc(47)] Reading ahfgeienlihckogmohjhadlkjgocpleb.alarms from  failed: IO error: .../MANIFEST-000001: Unable to create sequential file (ChromeMethodBFE: 7::NewSequentialFile::1)
[840:15048:0219/181539.417:WARNING:value_store_frontend.cc(47)] Reading mhjfbmdgcfjbbpaeojofohoefgiehjai.alarms from  failed: IO error: .../MANIFEST-000001: Unable to create sequential file (ChromeMethodBFE: 7::NewSequentialFile::1)
[840:13192:0219/181539.737:WARNING:leveldb_database.cc(141)] Unable to open C:\Users\oat\Documents\GitHub\GameDev-Project\Saved\webcache_6613\Default\GCM Store\Encryption: IO error: C:\Users\oat\Documents\GitHub\GameDev-Project\Saved\webcache_6613\Default\GCM Store\Encryption/MANIFEST-000001: Unable to create sequential file (ChromeMethodBFE: 7::NewSequentialFile::1)
[15904:15256:0219/181539.876:WARNING:external_registry_loader_win.cc(232)] Error observing HKLM: 5
[15244:14872:0219/181542.089:WARNING:frame_impl.cc(430)] virtual CefFrameImpl::SendProcessMessage sent to detached frame 5-7C5FB970570A8A4216265B9B7B89C8F0 will be ignored
[3076:13004:0219/181542.950:WARNING:frame_impl.cc(430)] virtual CefFrameImpl::SendProcessMessage sent to detached frame 5-33850DF18CCA91011FA9012A4AD60481 will be ignored
[15904:15256:0219/181552.537:WARNING:page_discarding_helper.cc(138)] Discarding multiple pages with target (kb): 0
[15904:15256:0219/181732.788:WARNING:pref_notifier_impl.cc(41)] Pref observer for media_router.cast_allow_all_ips found at shutdown.
[840:7540:0219/181749.496:WARNING:pref_notifier_impl.cc(41)] Pref observer for media_router.cast_allow_all_ips found at shutdown.
