[5328:5820:0217/132701.196:WARNING:chrome_main_delegate.cc(745)] This is Chrome version 128.0.6613.138 (not a warning)
[5328:1220:0217/132701.370:ERROR:google_update_settings.cc(265)] Failed opening key Software\Chromium to set usagestats; result: 5
[5328:5820:0217/132701.447:WARNING:account_consistency_mode_manager.cc(77)] Desktop Identity Consistency cannot be enabled as no OAuth client ID and client secret have been configured.
[5328:4588:0217/132704.262:WARNING:leveldb_database.cc(141)] Unable to open C:\Users\oat\Documents\GitHub\GameDev-Project\Saved\webcache_6613\Default\shared_proto_db\metadata: IO error: C:\Users\oat\Documents\GitHub\GameDev-Project\Saved\webcache_6613\Default\shared_proto_db\metadata/MANIFEST-000001: Unable to create sequential file (ChromeMethodBFE: 7::NewSequentialFile::1)
[5328:4588:0217/132704.263:WARNING:leveldb_database.cc(141)] Unable to open C:\Users\oat\Documents\GitHub\GameDev-Project\Saved\webcache_6613\Default\shared_proto_db\metadata: IO error: C:\Users\oat\Documents\GitHub\GameDev-Project\Saved\webcache_6613\Default\shared_proto_db\metadata/MANIFEST-000001: Unable to create sequential file (ChromeMethodBFE: 7::NewSequentialFile::1)
[5328:4588:0217/132704.264:WARNING:leveldb_database.cc(141)] Unable to open C:\Users\oat\Documents\GitHub\GameDev-Project\Saved\webcache_6613\Default\shared_proto_db\metadata: IO error: C:\Users\oat\Documents\GitHub\GameDev-Project\Saved\webcache_6613\Default\shared_proto_db\metadata/MANIFEST-000001: Unable to create sequential file (ChromeMethodBFE: 7::NewSequentialFile::1)
[5328:4588:0217/132704.265:WARNING:leveldb_database.cc(141)] Unable to open C:\Users\oat\Documents\GitHub\GameDev-Project\Saved\webcache_6613\Default\shared_proto_db\metadata: IO error: C:\Users\oat\Documents\GitHub\GameDev-Project\Saved\webcache_6613\Default\shared_proto_db\metadata/MANIFEST-000001: Unable to create sequential file (ChromeMethodBFE: 7::NewSequentialFile::1)
[5328:5820:0217/132704.717:WARNING:external_registry_loader_win.cc(232)] Error observing HKLM: 5
[5328:4588:0217/132705.047:WARNING:value_store_frontend.cc(47)] Reading ahfgeienlihckogmohjhadlkjgocpleb.alarms from  failed: IO error: .../MANIFEST-000001: Unable to create sequential file (ChromeMethodBFE: 7::NewSequentialFile::1)
[5328:4588:0217/132705.049:WARNING:value_store_frontend.cc(47)] Reading mhjfbmdgcfjbbpaeojofohoefgiehjai.alarms from  failed: IO error: .../MANIFEST-000001: Unable to create sequential file (ChromeMethodBFE: 7::NewSequentialFile::1)
[5328:7392:0217/132706.711:WARNING:leveldb_database.cc(141)] Unable to open C:\Users\oat\Documents\GitHub\GameDev-Project\Saved\webcache_6613\Default\GCM Store\Encryption: IO error: C:\Users\oat\Documents\GitHub\GameDev-Project\Saved\webcache_6613\Default\GCM Store\Encryption/MANIFEST-000001: Unable to create sequential file (ChromeMethodBFE: 7::NewSequentialFile::1)
[11460:11464:0217/132706.942:WARNING:frame_impl.cc(430)] virtual CefFrameImpl::SendProcessMessage sent to detached frame 5-DD104067250C0268479795290B139C6F will be ignored
[5328:5820:0217/161958.082:WARNING:page_discarding_helper.cc(138)] Discarding multiple pages with target (kb): 0
[5328:5820:0217/163452.810:WARNING:page_discarding_helper.cc(138)] Discarding multiple pages with target (kb): 0
[5328:5820:0217/163523.468:WARNING:page_discarding_helper.cc(138)] Discarding multiple pages with target (kb): 0
[5328:5820:0217/163528.509:WARNING:page_discarding_helper.cc(138)] Discarding multiple pages with target (kb): 0
[5328:5820:0217/163608.684:WARNING:page_discarding_helper.cc(138)] Discarding multiple pages with target (kb): 0
[5328:5820:0217/163613.686:WARNING:page_discarding_helper.cc(138)] Discarding multiple pages with target (kb): 0
[5328:5820:0217/163618.705:WARNING:page_discarding_helper.cc(138)] Discarding multiple pages with target (kb): 0
[5328:5820:0217/163623.742:WARNING:page_discarding_helper.cc(138)] Discarding multiple pages with target (kb): 0
[5328:5820:0217/163629.036:WARNING:page_discarding_helper.cc(138)] Discarding multiple pages with target (kb): 0
[5328:5820:0217/163634.037:WARNING:page_discarding_helper.cc(138)] Discarding multiple pages with target (kb): 0
[5328:5820:0217/163639.084:WARNING:page_discarding_helper.cc(138)] Discarding multiple pages with target (kb): 0
[5328:5820:0217/163644.159:WARNING:page_discarding_helper.cc(138)] Discarding multiple pages with target (kb): 0
[5328:5820:0217/163649.231:WARNING:page_discarding_helper.cc(138)] Discarding multiple pages with target (kb): 0
[5328:5820:0217/163654.273:WARNING:page_discarding_helper.cc(138)] Discarding multiple pages with target (kb): 0
[5328:5820:0217/163659.273:WARNING:page_discarding_helper.cc(138)] Discarding multiple pages with target (kb): 0
[5328:5820:0217/163704.274:WARNING:page_discarding_helper.cc(138)] Discarding multiple pages with target (kb): 0
[5328:5820:0217/163709.274:WARNING:page_discarding_helper.cc(138)] Discarding multiple pages with target (kb): 0
[5328:5820:0217/163714.275:WARNING:page_discarding_helper.cc(138)] Discarding multiple pages with target (kb): 0
[5328:5820:0217/163719.306:WARNING:page_discarding_helper.cc(138)] Discarding multiple pages with target (kb): 0
[5328:5820:0217/163724.325:WARNING:page_discarding_helper.cc(138)] Discarding multiple pages with target (kb): 0
[5328:5820:0217/163729.503:WARNING:page_discarding_helper.cc(138)] Discarding multiple pages with target (kb): 0
[5328:5820:0217/163734.504:WARNING:page_discarding_helper.cc(138)] Discarding multiple pages with target (kb): 0
[5328:5820:0217/163739.512:WARNING:page_discarding_helper.cc(138)] Discarding multiple pages with target (kb): 0
[5328:5820:0217/163744.519:WARNING:page_discarding_helper.cc(138)] Discarding multiple pages with target (kb): 0
[5328:5820:0217/163749.700:WARNING:page_discarding_helper.cc(138)] Discarding multiple pages with target (kb): 0
[5328:5820:0217/163754.699:WARNING:page_discarding_helper.cc(138)] Discarding multiple pages with target (kb): 0
[5328:5820:0217/163759.751:WARNING:page_discarding_helper.cc(138)] Discarding multiple pages with target (kb): 0
[5328:5820:0217/163804.784:WARNING:page_discarding_helper.cc(138)] Discarding multiple pages with target (kb): 0
[5328:5820:0217/163809.786:WARNING:page_discarding_helper.cc(138)] Discarding multiple pages with target (kb): 0
[5328:5820:0217/163814.805:WARNING:page_discarding_helper.cc(138)] Discarding multiple pages with target (kb): 0
[5328:5820:0217/163819.849:WARNING:page_discarding_helper.cc(138)] Discarding multiple pages with target (kb): 0
[5328:5820:0217/163824.859:WARNING:page_discarding_helper.cc(138)] Discarding multiple pages with target (kb): 0
[5328:5820:0217/163829.877:WARNING:page_discarding_helper.cc(138)] Discarding multiple pages with target (kb): 0
[5328:5820:0217/163834.932:WARNING:page_discarding_helper.cc(138)] Discarding multiple pages with target (kb): 0
[5328:5820:0217/163839.944:WARNING:page_discarding_helper.cc(138)] Discarding multiple pages with target (kb): 0
[5328:5820:0217/163845.111:WARNING:page_discarding_helper.cc(138)] Discarding multiple pages with target (kb): 0
[5328:5820:0217/163850.111:WARNING:page_discarding_helper.cc(138)] Discarding multiple pages with target (kb): 0
[5328:5820:0217/163855.111:WARNING:page_discarding_helper.cc(138)] Discarding multiple pages with target (kb): 0
[5328:5820:0217/163900.164:WARNING:page_discarding_helper.cc(138)] Discarding multiple pages with target (kb): 0
[5328:5820:0217/163905.244:WARNING:page_discarding_helper.cc(138)] Discarding multiple pages with target (kb): 0
[5328:5820:0217/163910.286:WARNING:page_discarding_helper.cc(138)] Discarding multiple pages with target (kb): 0
[5328:5820:0217/163915.300:WARNING:page_discarding_helper.cc(138)] Discarding multiple pages with target (kb): 0
[5328:5820:0217/163920.330:WARNING:page_discarding_helper.cc(138)] Discarding multiple pages with target (kb): 0
[5328:5820:0217/163925.609:WARNING:page_discarding_helper.cc(138)] Discarding multiple pages with target (kb): 0
[5328:5820:0217/163930.608:WARNING:page_discarding_helper.cc(138)] Discarding multiple pages with target (kb): 0
[5328:5820:0217/163935.608:WARNING:page_discarding_helper.cc(138)] Discarding multiple pages with target (kb): 0
[5328:5820:0217/163940.609:WARNING:page_discarding_helper.cc(138)] Discarding multiple pages with target (kb): 0
[5328:5820:0217/163945.609:WARNING:page_discarding_helper.cc(138)] Discarding multiple pages with target (kb): 0
[5328:5820:0217/163950.610:WARNING:page_discarding_helper.cc(138)] Discarding multiple pages with target (kb): 0
[5328:5820:0217/163955.670:WARNING:page_discarding_helper.cc(138)] Discarding multiple pages with target (kb): 0
[5328:5820:0217/164000.704:WARNING:page_discarding_helper.cc(138)] Discarding multiple pages with target (kb): 0
[5328:5820:0217/164005.726:WARNING:page_discarding_helper.cc(138)] Discarding multiple pages with target (kb): 0
[5328:5820:0217/164010.726:WARNING:page_discarding_helper.cc(138)] Discarding multiple pages with target (kb): 0
[5328:5820:0217/164015.732:WARNING:page_discarding_helper.cc(138)] Discarding multiple pages with target (kb): 0
[5328:5820:0217/164020.732:WARNING:page_discarding_helper.cc(138)] Discarding multiple pages with target (kb): 0
[5328:5820:0217/164025.732:WARNING:page_discarding_helper.cc(138)] Discarding multiple pages with target (kb): 0
[5328:5820:0217/164030.740:WARNING:page_discarding_helper.cc(138)] Discarding multiple pages with target (kb): 0
[5328:5820:0217/164035.804:WARNING:page_discarding_helper.cc(138)] Discarding multiple pages with target (kb): 0
[5328:5820:0217/164040.834:WARNING:page_discarding_helper.cc(138)] Discarding multiple pages with target (kb): 0
[5328:5820:0217/164045.841:WARNING:page_discarding_helper.cc(138)] Discarding multiple pages with target (kb): 0
[5328:5820:0217/164050.842:WARNING:page_discarding_helper.cc(138)] Discarding multiple pages with target (kb): 0
[5328:5820:0217/164055.860:WARNING:page_discarding_helper.cc(138)] Discarding multiple pages with target (kb): 0
[5328:5820:0217/164101.127:WARNING:page_discarding_helper.cc(138)] Discarding multiple pages with target (kb): 0
[5328:5820:0217/164106.128:WARNING:page_discarding_helper.cc(138)] Discarding multiple pages with target (kb): 0
[5328:5820:0217/164111.582:WARNING:page_discarding_helper.cc(138)] Discarding multiple pages with target (kb): 0
[5328:5820:0217/164116.709:WARNING:page_discarding_helper.cc(138)] Discarding multiple pages with target (kb): 0
[5328:5820:0217/164121.782:WARNING:page_discarding_helper.cc(138)] Discarding multiple pages with target (kb): 0
[5328:5820:0217/164126.889:WARNING:page_discarding_helper.cc(138)] Discarding multiple pages with target (kb): 0
[5328:5820:0217/164131.889:WARNING:page_discarding_helper.cc(138)] Discarding multiple pages with target (kb): 0
[5328:5820:0217/164136.889:WARNING:page_discarding_helper.cc(138)] Discarding multiple pages with target (kb): 0
[5328:5820:0217/164141.906:WARNING:page_discarding_helper.cc(138)] Discarding multiple pages with target (kb): 0
[5328:5820:0217/164146.925:WARNING:page_discarding_helper.cc(138)] Discarding multiple pages with target (kb): 0
[5328:5820:0217/164151.982:WARNING:page_discarding_helper.cc(138)] Discarding multiple pages with target (kb): 0
[5328:5820:0217/164157.024:WARNING:page_discarding_helper.cc(138)] Discarding multiple pages with target (kb): 0
[5328:5820:0217/164202.028:WARNING:page_discarding_helper.cc(138)] Discarding multiple pages with target (kb): 0
[5328:5820:0217/164207.048:WARNING:page_discarding_helper.cc(138)] Discarding multiple pages with target (kb): 0
[5328:5820:0217/164212.061:WARNING:page_discarding_helper.cc(138)] Discarding multiple pages with target (kb): 0
[5328:5820:0217/164217.093:WARNING:page_discarding_helper.cc(138)] Discarding multiple pages with target (kb): 0
[5328:5820:0217/164222.126:WARNING:page_discarding_helper.cc(138)] Discarding multiple pages with target (kb): 0
[5328:5820:0217/164227.135:WARNING:page_discarding_helper.cc(138)] Discarding multiple pages with target (kb): 0
[5328:5820:0217/164232.135:WARNING:page_discarding_helper.cc(138)] Discarding multiple pages with target (kb): 0
[5328:5820:0217/164237.139:WARNING:page_discarding_helper.cc(138)] Discarding multiple pages with target (kb): 0
[5328:5820:0217/164242.186:WARNING:page_discarding_helper.cc(138)] Discarding multiple pages with target (kb): 0
[5328:5820:0217/164247.237:WARNING:page_discarding_helper.cc(138)] Discarding multiple pages with target (kb): 0
[5328:5820:0217/164252.237:WARNING:page_discarding_helper.cc(138)] Discarding multiple pages with target (kb): 0
[5328:5820:0217/164257.274:WARNING:page_discarding_helper.cc(138)] Discarding multiple pages with target (kb): 0
[5328:5820:0217/164302.305:WARNING:page_discarding_helper.cc(138)] Discarding multiple pages with target (kb): 0
[5328:5820:0217/164307.355:WARNING:page_discarding_helper.cc(138)] Discarding multiple pages with target (kb): 0
[5328:5820:0217/164312.526:WARNING:page_discarding_helper.cc(138)] Discarding multiple pages with target (kb): 0
[5328:5820:0217/164317.527:WARNING:page_discarding_helper.cc(138)] Discarding multiple pages with target (kb): 0
[5328:5820:0217/164322.555:WARNING:page_discarding_helper.cc(138)] Discarding multiple pages with target (kb): 0
[5328:5820:0217/164327.555:WARNING:page_discarding_helper.cc(138)] Discarding multiple pages with target (kb): 0
[5328:5820:0217/164332.580:WARNING:page_discarding_helper.cc(138)] Discarding multiple pages with target (kb): 0
[5328:5820:0217/164337.640:WARNING:page_discarding_helper.cc(138)] Discarding multiple pages with target (kb): 0
[5328:5820:0217/164342.667:WARNING:page_discarding_helper.cc(138)] Discarding multiple pages with target (kb): 0
[5328:5820:0217/164347.693:WARNING:page_discarding_helper.cc(138)] Discarding multiple pages with target (kb): 0
[5328:5820:0217/164352.707:WARNING:page_discarding_helper.cc(138)] Discarding multiple pages with target (kb): 0
[5328:5820:0217/164357.722:WARNING:page_discarding_helper.cc(138)] Discarding multiple pages with target (kb): 0
[5328:5820:0217/164402.775:WARNING:page_discarding_helper.cc(138)] Discarding multiple pages with target (kb): 0
[5328:5820:0217/164407.775:WARNING:page_discarding_helper.cc(138)] Discarding multiple pages with target (kb): 0
[5328:5820:0217/164412.829:WARNING:page_discarding_helper.cc(138)] Discarding multiple pages with target (kb): 0
[5328:5820:0217/164417.884:WARNING:page_discarding_helper.cc(138)] Discarding multiple pages with target (kb): 0
[5328:5820:0217/164422.888:WARNING:page_discarding_helper.cc(138)] Discarding multiple pages with target (kb): 0
[5328:5820:0217/164427.892:WARNING:page_discarding_helper.cc(138)] Discarding multiple pages with target (kb): 0
[5328:5820:0217/164432.948:WARNING:page_discarding_helper.cc(138)] Discarding multiple pages with target (kb): 0
[5328:5820:0217/164437.995:WARNING:page_discarding_helper.cc(138)] Discarding multiple pages with target (kb): 0
[5328:5820:0217/164442.995:WARNING:page_discarding_helper.cc(138)] Discarding multiple pages with target (kb): 0
[5328:5820:0217/164447.995:WARNING:page_discarding_helper.cc(138)] Discarding multiple pages with target (kb): 0
[5328:5820:0217/164452.999:WARNING:page_discarding_helper.cc(138)] Discarding multiple pages with target (kb): 0
[5328:5820:0217/164458.059:WARNING:page_discarding_helper.cc(138)] Discarding multiple pages with target (kb): 0
[5328:5820:0217/164503.070:WARNING:page_discarding_helper.cc(138)] Discarding multiple pages with target (kb): 0
[5328:5820:0217/164508.235:WARNING:page_discarding_helper.cc(138)] Discarding multiple pages with target (kb): 0
[5328:5820:0217/164513.273:WARNING:page_discarding_helper.cc(138)] Discarding multiple pages with target (kb): 0
[5328:5820:0217/164518.300:WARNING:page_discarding_helper.cc(138)] Discarding multiple pages with target (kb): 0
[5328:5820:0217/164523.299:WARNING:page_discarding_helper.cc(138)] Discarding multiple pages with target (kb): 0
[5328:5820:0217/164528.304:WARNING:page_discarding_helper.cc(138)] Discarding multiple pages with target (kb): 0
[5328:5820:0217/164533.337:WARNING:page_discarding_helper.cc(138)] Discarding multiple pages with target (kb): 0
[5328:5820:0217/164538.366:WARNING:page_discarding_helper.cc(138)] Discarding multiple pages with target (kb): 0
[5328:5820:0217/164543.380:WARNING:page_discarding_helper.cc(138)] Discarding multiple pages with target (kb): 0
[5328:5820:0217/164548.408:WARNING:page_discarding_helper.cc(138)] Discarding multiple pages with target (kb): 0
[5328:5820:0217/164553.424:WARNING:page_discarding_helper.cc(138)] Discarding multiple pages with target (kb): 0
[5328:5820:0217/164558.436:WARNING:page_discarding_helper.cc(138)] Discarding multiple pages with target (kb): 0
[5328:5820:0217/164603.476:WARNING:page_discarding_helper.cc(138)] Discarding multiple pages with target (kb): 0
[5328:5820:0217/164609.027:WARNING:page_discarding_helper.cc(138)] Discarding multiple pages with target (kb): 0
[5328:5820:0217/164614.036:WARNING:page_discarding_helper.cc(138)] Discarding multiple pages with target (kb): 0
[5328:5820:0217/164619.088:WARNING:page_discarding_helper.cc(138)] Discarding multiple pages with target (kb): 0
[5328:5820:0217/164639.483:WARNING:page_discarding_helper.cc(138)] Discarding multiple pages with target (kb): 0
[5328:5820:0217/164644.600:WARNING:page_discarding_helper.cc(138)] Discarding multiple pages with target (kb): 0
[5328:5820:0217/165432.486:WARNING:page_discarding_helper.cc(138)] Discarding multiple pages with target (kb): 0
[5328:5820:0217/165437.504:WARNING:page_discarding_helper.cc(138)] Discarding multiple pages with target (kb): 0
[5328:5820:0217/165442.517:WARNING:page_discarding_helper.cc(138)] Discarding multiple pages with target (kb): 0
[5328:5820:0217/165447.576:WARNING:page_discarding_helper.cc(138)] Discarding multiple pages with target (kb): 0
[5328:5820:0217/165452.582:WARNING:page_discarding_helper.cc(138)] Discarding multiple pages with target (kb): 0
[5328:5820:0217/165457.621:WARNING:page_discarding_helper.cc(138)] Discarding multiple pages with target (kb): 0
[5328:5820:0217/165502.699:WARNING:page_discarding_helper.cc(138)] Discarding multiple pages with target (kb): 0
[5328:5820:0217/165507.708:WARNING:page_discarding_helper.cc(138)] Discarding multiple pages with target (kb): 0
[5328:5820:0217/165512.759:WARNING:page_discarding_helper.cc(138)] Discarding multiple pages with target (kb): 0
[5328:5820:0217/165519.988:WARNING:page_discarding_helper.cc(138)] Discarding multiple pages with target (kb): 0
[5328:5820:0217/165525.014:WARNING:page_discarding_helper.cc(138)] Discarding multiple pages with target (kb): 0
[5328:5820:0217/165530.236:WARNING:page_discarding_helper.cc(138)] Discarding multiple pages with target (kb): 0
[5328:5820:0217/165535.238:WARNING:page_discarding_helper.cc(138)] Discarding multiple pages with target (kb): 0
[5328:5820:0217/165540.238:WARNING:page_discarding_helper.cc(138)] Discarding multiple pages with target (kb): 0
[5328:5820:0217/165545.240:WARNING:page_discarding_helper.cc(138)] Discarding multiple pages with target (kb): 0
[5328:5820:0217/165550.239:WARNING:page_discarding_helper.cc(138)] Discarding multiple pages with target (kb): 0
[5328:5820:0217/165555.240:WARNING:page_discarding_helper.cc(138)] Discarding multiple pages with target (kb): 0
[5328:5820:0217/165600.240:WARNING:page_discarding_helper.cc(138)] Discarding multiple pages with target (kb): 0
[5328:5820:0217/165605.240:WARNING:page_discarding_helper.cc(138)] Discarding multiple pages with target (kb): 0
[5328:5820:0217/165610.239:WARNING:page_discarding_helper.cc(138)] Discarding multiple pages with target (kb): 0
[5328:5820:0217/165615.240:WARNING:page_discarding_helper.cc(138)] Discarding multiple pages with target (kb): 0
[5328:5820:0217/165620.266:WARNING:page_discarding_helper.cc(138)] Discarding multiple pages with target (kb): 0
[5328:5820:0217/165625.451:WARNING:page_discarding_helper.cc(138)] Discarding multiple pages with target (kb): 0
[5328:5820:0217/165630.454:WARNING:page_discarding_helper.cc(138)] Discarding multiple pages with target (kb): 0
[5328:5820:0217/165635.489:WARNING:page_discarding_helper.cc(138)] Discarding multiple pages with target (kb): 0
[5328:5820:0217/165640.489:WARNING:page_discarding_helper.cc(138)] Discarding multiple pages with target (kb): 0
[5328:5820:0217/165645.497:WARNING:page_discarding_helper.cc(138)] Discarding multiple pages with target (kb): 0
[5328:5820:0217/165650.517:WARNING:page_discarding_helper.cc(138)] Discarding multiple pages with target (kb): 0
[5328:5820:0217/165655.673:WARNING:page_discarding_helper.cc(138)] Discarding multiple pages with target (kb): 0
[5328:5820:0217/165700.676:WARNING:page_discarding_helper.cc(138)] Discarding multiple pages with target (kb): 0
[5328:5820:0217/165705.678:WARNING:page_discarding_helper.cc(138)] Discarding multiple pages with target (kb): 0
[5328:5820:0217/165710.705:WARNING:page_discarding_helper.cc(138)] Discarding multiple pages with target (kb): 0
[5328:5820:0217/165725.874:WARNING:page_discarding_helper.cc(138)] Discarding multiple pages with target (kb): 0
[5328:5820:0217/165912.138:WARNING:page_discarding_helper.cc(138)] Discarding multiple pages with target (kb): 0
[5328:5820:0217/165917.140:WARNING:page_discarding_helper.cc(138)] Discarding multiple pages with target (kb): 0
[5328:5820:0217/165922.141:WARNING:page_discarding_helper.cc(138)] Discarding multiple pages with target (kb): 0
[5328:5820:0217/165927.176:WARNING:page_discarding_helper.cc(138)] Discarding multiple pages with target (kb): 0
[5328:5820:0217/165932.210:WARNING:page_discarding_helper.cc(138)] Discarding multiple pages with target (kb): 0
[5328:5820:0217/165942.260:WARNING:page_discarding_helper.cc(138)] Discarding multiple pages with target (kb): 0
[5328:5820:0217/165947.296:WARNING:page_discarding_helper.cc(138)] Discarding multiple pages with target (kb): 0
[5328:5820:0217/165952.393:WARNING:page_discarding_helper.cc(138)] Discarding multiple pages with target (kb): 0
[5328:5820:0217/165957.394:WARNING:page_discarding_helper.cc(138)] Discarding multiple pages with target (kb): 0
[5328:5820:0217/170002.639:WARNING:page_discarding_helper.cc(138)] Discarding multiple pages with target (kb): 0
[5328:5820:0217/170007.899:WARNING:page_discarding_helper.cc(138)] Discarding multiple pages with target (kb): 0
[5328:5820:0217/170012.900:WARNING:page_discarding_helper.cc(138)] Discarding multiple pages with target (kb): 0
[5328:5820:0217/170017.927:WARNING:page_discarding_helper.cc(138)] Discarding multiple pages with target (kb): 0
[5328:5820:0217/170022.981:WARNING:page_discarding_helper.cc(138)] Discarding multiple pages with target (kb): 0
[5328:5820:0217/170027.981:WARNING:page_discarding_helper.cc(138)] Discarding multiple pages with target (kb): 0
[5328:5820:0217/170033.184:WARNING:page_discarding_helper.cc(138)] Discarding multiple pages with target (kb): 0
[5328:5820:0217/170038.186:WARNING:page_discarding_helper.cc(138)] Discarding multiple pages with target (kb): 0
[5328:5820:0217/170043.250:WARNING:page_discarding_helper.cc(138)] Discarding multiple pages with target (kb): 0
[5328:5820:0217/170048.249:WARNING:page_discarding_helper.cc(138)] Discarding multiple pages with target (kb): 0
[5328:5820:0217/170053.474:WARNING:page_discarding_helper.cc(138)] Discarding multiple pages with target (kb): 0
[5328:5820:0217/170058.730:WARNING:page_discarding_helper.cc(138)] Discarding multiple pages with target (kb): 0
[5328:5820:0217/170103.736:WARNING:page_discarding_helper.cc(138)] Discarding multiple pages with target (kb): 0
[5328:5820:0217/170108.783:WARNING:page_discarding_helper.cc(138)] Discarding multiple pages with target (kb): 0
[5328:5820:0217/170113.973:WARNING:page_discarding_helper.cc(138)] Discarding multiple pages with target (kb): 0
[5328:5820:0217/170119.053:WARNING:page_discarding_helper.cc(138)] Discarding multiple pages with target (kb): 0
[5328:5820:0217/170124.094:WARNING:page_discarding_helper.cc(138)] Discarding multiple pages with target (kb): 0
[5328:5820:0217/170129.185:WARNING:page_discarding_helper.cc(138)] Discarding multiple pages with target (kb): 0
[5328:5820:0217/170134.186:WARNING:page_discarding_helper.cc(138)] Discarding multiple pages with target (kb): 0
[5328:5820:0217/170139.186:WARNING:page_discarding_helper.cc(138)] Discarding multiple pages with target (kb): 0
[5328:5820:0217/170144.195:WARNING:page_discarding_helper.cc(138)] Discarding multiple pages with target (kb): 0
[5328:5820:0217/170149.200:WARNING:page_discarding_helper.cc(138)] Discarding multiple pages with target (kb): 0
[5328:5820:0217/170154.227:WARNING:page_discarding_helper.cc(138)] Discarding multiple pages with target (kb): 0
[5328:5820:0217/170159.298:WARNING:page_discarding_helper.cc(138)] Discarding multiple pages with target (kb): 0
[5328:5820:0217/170204.313:WARNING:page_discarding_helper.cc(138)] Discarding multiple pages with target (kb): 0
[5328:5820:0217/170209.489:WARNING:page_discarding_helper.cc(138)] Discarding multiple pages with target (kb): 0
[5328:5820:0217/170214.490:WARNING:page_discarding_helper.cc(138)] Discarding multiple pages with target (kb): 0
[5328:5820:0217/170219.507:WARNING:page_discarding_helper.cc(138)] Discarding multiple pages with target (kb): 0
[5328:5820:0217/170224.546:WARNING:page_discarding_helper.cc(138)] Discarding multiple pages with target (kb): 0
[5328:5820:0217/170229.580:WARNING:page_discarding_helper.cc(138)] Discarding multiple pages with target (kb): 0
[5328:5820:0217/170234.839:WARNING:page_discarding_helper.cc(138)] Discarding multiple pages with target (kb): 0
[5328:5820:0217/170239.840:WARNING:page_discarding_helper.cc(138)] Discarding multiple pages with target (kb): 0
[5328:5820:0217/170244.840:WARNING:page_discarding_helper.cc(138)] Discarding multiple pages with target (kb): 0
[5328:5820:0217/170249.840:WARNING:page_discarding_helper.cc(138)] Discarding multiple pages with target (kb): 0
[5328:5820:0217/170257.012:WARNING:page_discarding_helper.cc(138)] Discarding multiple pages with target (kb): 0
[5328:5820:0217/170302.022:WARNING:page_discarding_helper.cc(138)] Discarding multiple pages with target (kb): 0
[5328:5820:0217/170307.023:WARNING:page_discarding_helper.cc(138)] Discarding multiple pages with target (kb): 0
[5328:5820:0217/170312.025:WARNING:page_discarding_helper.cc(138)] Discarding multiple pages with target (kb): 0
[5328:5820:0217/170317.023:WARNING:page_discarding_helper.cc(138)] Discarding multiple pages with target (kb): 0
[5328:5820:0217/170322.025:WARNING:page_discarding_helper.cc(138)] Discarding multiple pages with target (kb): 0
[5328:5820:0217/170327.027:WARNING:page_discarding_helper.cc(138)] Discarding multiple pages with target (kb): 0
[5328:5820:0217/170332.027:WARNING:page_discarding_helper.cc(138)] Discarding multiple pages with target (kb): 0
[5328:5820:0217/170337.028:WARNING:page_discarding_helper.cc(138)] Discarding multiple pages with target (kb): 0
[5328:5820:0217/170342.028:WARNING:page_discarding_helper.cc(138)] Discarding multiple pages with target (kb): 0
[5328:5820:0217/170347.030:WARNING:page_discarding_helper.cc(138)] Discarding multiple pages with target (kb): 0
[5328:5820:0217/170352.029:WARNING:page_discarding_helper.cc(138)] Discarding multiple pages with target (kb): 0
[5328:5820:0217/170357.031:WARNING:page_discarding_helper.cc(138)] Discarding multiple pages with target (kb): 0
[5328:5820:0217/170402.030:WARNING:page_discarding_helper.cc(138)] Discarding multiple pages with target (kb): 0
[5328:5820:0217/170407.032:WARNING:page_discarding_helper.cc(138)] Discarding multiple pages with target (kb): 0
[5328:5820:0217/170412.033:WARNING:page_discarding_helper.cc(138)] Discarding multiple pages with target (kb): 0
[5328:5820:0217/170417.033:WARNING:page_discarding_helper.cc(138)] Discarding multiple pages with target (kb): 0
[5328:5820:0217/170422.034:WARNING:page_discarding_helper.cc(138)] Discarding multiple pages with target (kb): 0
[5328:5820:0217/170427.035:WARNING:page_discarding_helper.cc(138)] Discarding multiple pages with target (kb): 0
[5328:5820:0217/170432.034:WARNING:page_discarding_helper.cc(138)] Discarding multiple pages with target (kb): 0
[5328:5820:0217/170437.034:WARNING:page_discarding_helper.cc(138)] Discarding multiple pages with target (kb): 0
[5328:5820:0217/170442.041:WARNING:page_discarding_helper.cc(138)] Discarding multiple pages with target (kb): 0
[5328:5820:0217/170447.042:WARNING:page_discarding_helper.cc(138)] Discarding multiple pages with target (kb): 0
[5328:5820:0217/170452.042:WARNING:page_discarding_helper.cc(138)] Discarding multiple pages with target (kb): 0
[5328:5820:0217/170457.044:WARNING:page_discarding_helper.cc(138)] Discarding multiple pages with target (kb): 0
[5328:5820:0217/170502.044:WARNING:page_discarding_helper.cc(138)] Discarding multiple pages with target (kb): 0
[5328:5820:0217/170507.044:WARNING:page_discarding_helper.cc(138)] Discarding multiple pages with target (kb): 0
[5328:5820:0217/170512.044:WARNING:page_discarding_helper.cc(138)] Discarding multiple pages with target (kb): 0
[5328:5820:0217/170517.044:WARNING:page_discarding_helper.cc(138)] Discarding multiple pages with target (kb): 0
[5328:5820:0217/170522.044:WARNING:page_discarding_helper.cc(138)] Discarding multiple pages with target (kb): 0
[5328:5820:0217/170527.045:WARNING:page_discarding_helper.cc(138)] Discarding multiple pages with target (kb): 0
[5328:5820:0217/170532.049:WARNING:page_discarding_helper.cc(138)] Discarding multiple pages with target (kb): 0
[5328:5820:0217/170537.049:WARNING:page_discarding_helper.cc(138)] Discarding multiple pages with target (kb): 0
[5328:5820:0217/170542.048:WARNING:page_discarding_helper.cc(138)] Discarding multiple pages with target (kb): 0
[5328:5820:0217/170547.049:WARNING:page_discarding_helper.cc(138)] Discarding multiple pages with target (kb): 0
[5328:5820:0217/170552.053:WARNING:page_discarding_helper.cc(138)] Discarding multiple pages with target (kb): 0
[5328:5820:0217/170557.053:WARNING:page_discarding_helper.cc(138)] Discarding multiple pages with target (kb): 0
[5328:5820:0217/170602.057:WARNING:page_discarding_helper.cc(138)] Discarding multiple pages with target (kb): 0
[5328:5820:0217/170607.057:WARNING:page_discarding_helper.cc(138)] Discarding multiple pages with target (kb): 0
[5328:5820:0217/170612.057:WARNING:page_discarding_helper.cc(138)] Discarding multiple pages with target (kb): 0
[5328:5820:0217/170617.061:WARNING:page_discarding_helper.cc(138)] Discarding multiple pages with target (kb): 0
[5328:5820:0217/170622.061:WARNING:page_discarding_helper.cc(138)] Discarding multiple pages with target (kb): 0
[5328:5820:0217/170627.062:WARNING:page_discarding_helper.cc(138)] Discarding multiple pages with target (kb): 0
[5328:5820:0217/170632.066:WARNING:page_discarding_helper.cc(138)] Discarding multiple pages with target (kb): 0
[5328:5820:0217/170637.065:WARNING:page_discarding_helper.cc(138)] Discarding multiple pages with target (kb): 0
[5328:5820:0217/170642.068:WARNING:page_discarding_helper.cc(138)] Discarding multiple pages with target (kb): 0
[5328:5820:0217/170647.068:WARNING:page_discarding_helper.cc(138)] Discarding multiple pages with target (kb): 0
[5328:5820:0217/170652.071:WARNING:page_discarding_helper.cc(138)] Discarding multiple pages with target (kb): 0
[5328:5820:0217/170657.071:WARNING:page_discarding_helper.cc(138)] Discarding multiple pages with target (kb): 0
[5328:5820:0217/170702.072:WARNING:page_discarding_helper.cc(138)] Discarding multiple pages with target (kb): 0
[5328:5820:0217/170707.072:WARNING:page_discarding_helper.cc(138)] Discarding multiple pages with target (kb): 0
[5328:5820:0217/170712.074:WARNING:page_discarding_helper.cc(138)] Discarding multiple pages with target (kb): 0
[5328:5820:0217/170717.221:WARNING:page_discarding_helper.cc(138)] Discarding multiple pages with target (kb): 0
[5328:5820:0217/170722.356:WARNING:page_discarding_helper.cc(138)] Discarding multiple pages with target (kb): 0
[5328:5820:0217/170727.356:WARNING:page_discarding_helper.cc(138)] Discarding multiple pages with target (kb): 0
[5328:5820:0217/170732.356:WARNING:page_discarding_helper.cc(138)] Discarding multiple pages with target (kb): 0
[5328:5820:0217/170737.418:WARNING:page_discarding_helper.cc(138)] Discarding multiple pages with target (kb): 0
[5328:5820:0217/170742.551:WARNING:page_discarding_helper.cc(138)] Discarding multiple pages with target (kb): 0
[5328:5820:0217/170747.603:WARNING:page_discarding_helper.cc(138)] Discarding multiple pages with target (kb): 0
[5328:5820:0217/170752.868:WARNING:page_discarding_helper.cc(138)] Discarding multiple pages with target (kb): 0
[5328:5820:0217/170757.868:WARNING:page_discarding_helper.cc(138)] Discarding multiple pages with target (kb): 0
[5328:5820:0217/170802.872:WARNING:page_discarding_helper.cc(138)] Discarding multiple pages with target (kb): 0
[5328:5820:0217/170808.229:WARNING:page_discarding_helper.cc(138)] Discarding multiple pages with target (kb): 0
[5328:5820:0217/170813.267:WARNING:page_discarding_helper.cc(138)] Discarding multiple pages with target (kb): 0
[5328:5820:0217/170818.275:WARNING:page_discarding_helper.cc(138)] Discarding multiple pages with target (kb): 0
[5328:5820:0217/170823.295:WARNING:page_discarding_helper.cc(138)] Discarding multiple pages with target (kb): 0
[5328:5820:0217/170828.301:WARNING:page_discarding_helper.cc(138)] Discarding multiple pages with target (kb): 0
[5328:5820:0217/170833.360:WARNING:page_discarding_helper.cc(138)] Discarding multiple pages with target (kb): 0
[5328:5820:0217/170838.404:WARNING:page_discarding_helper.cc(138)] Discarding multiple pages with target (kb): 0
[5328:5820:0217/170843.504:WARNING:page_discarding_helper.cc(138)] Discarding multiple pages with target (kb): 0
[5328:5820:0217/170848.518:WARNING:page_discarding_helper.cc(138)] Discarding multiple pages with target (kb): 0
[5328:5820:0217/170853.565:WARNING:page_discarding_helper.cc(138)] Discarding multiple pages with target (kb): 0
[5328:5820:0217/170858.609:WARNING:page_discarding_helper.cc(138)] Discarding multiple pages with target (kb): 0
[5328:5820:0217/170903.710:WARNING:page_discarding_helper.cc(138)] Discarding multiple pages with target (kb): 0
[5328:5820:0217/170908.732:WARNING:page_discarding_helper.cc(138)] Discarding multiple pages with target (kb): 0
[5328:5820:0217/170913.802:WARNING:page_discarding_helper.cc(138)] Discarding multiple pages with target (kb): 0
[5328:5820:0217/170918.841:WARNING:page_discarding_helper.cc(138)] Discarding multiple pages with target (kb): 0
[5328:5820:0217/170924.025:WARNING:page_discarding_helper.cc(138)] Discarding multiple pages with target (kb): 0
[5328:5820:0217/170929.192:WARNING:page_discarding_helper.cc(138)] Discarding multiple pages with target (kb): 0
[5328:5820:0217/170934.206:WARNING:page_discarding_helper.cc(138)] Discarding multiple pages with target (kb): 0
[5328:5820:0217/170939.271:WARNING:page_discarding_helper.cc(138)] Discarding multiple pages with target (kb): 0
[5328:5820:0217/170944.272:WARNING:page_discarding_helper.cc(138)] Discarding multiple pages with target (kb): 0
[5328:5820:0217/170949.272:WARNING:page_discarding_helper.cc(138)] Discarding multiple pages with target (kb): 0
[5328:5820:0217/170954.283:WARNING:page_discarding_helper.cc(138)] Discarding multiple pages with target (kb): 0
[5328:5820:0217/170959.284:WARNING:page_discarding_helper.cc(138)] Discarding multiple pages with target (kb): 0
[5328:5820:0217/171004.494:WARNING:page_discarding_helper.cc(138)] Discarding multiple pages with target (kb): 0
[5328:5820:0217/171009.496:WARNING:page_discarding_helper.cc(138)] Discarding multiple pages with target (kb): 0
[5328:5820:0217/171014.496:WARNING:page_discarding_helper.cc(138)] Discarding multiple pages with target (kb): 0
[5328:5820:0217/171019.510:WARNING:page_discarding_helper.cc(138)] Discarding multiple pages with target (kb): 0
[5328:5820:0217/171024.556:WARNING:page_discarding_helper.cc(138)] Discarding multiple pages with target (kb): 0
[5328:5820:0217/171029.861:WARNING:page_discarding_helper.cc(138)] Discarding multiple pages with target (kb): 0
[5328:5820:0217/171035.013:WARNING:page_discarding_helper.cc(138)] Discarding multiple pages with target (kb): 0
[5328:5820:0217/171040.243:WARNING:page_discarding_helper.cc(138)] Discarding multiple pages with target (kb): 0
[5328:5820:0217/171045.244:WARNING:page_discarding_helper.cc(138)] Discarding multiple pages with target (kb): 0
[5328:5820:0217/171050.308:WARNING:page_discarding_helper.cc(138)] Discarding multiple pages with target (kb): 0
[5328:5820:0217/171055.308:WARNING:page_discarding_helper.cc(138)] Discarding multiple pages with target (kb): 0
[5328:5820:0217/171403.165:WARNING:page_discarding_helper.cc(138)] Discarding multiple pages with target (kb): 0
[5328:5820:0217/171501.242:WARNING:page_discarding_helper.cc(138)] Discarding multiple pages with target (kb): 0
[5328:5820:0217/171507.184:WARNING:pref_notifier_impl.cc(41)] Pref observer for media_router.cast_allow_all_ips found at shutdown.
